-------------------------------------------------------------------------------
Test set: com.tns.leavemgmt.leave.service.AccrualServiceTest$AccrualAddsCorrectAmount
-------------------------------------------------------------------------------
Tests run: 6, Failures: 0, Errors: 4, Skipped: 0, Time elapsed: 0.106 s <<< FAILURE! -- in com.tns.leavemgmt.leave.service.AccrualServiceTest$AccrualAddsCorrectAmount
com.tns.leavemgmt.leave.service.AccrualServiceTest$AccrualAddsCorrectAmount.processAccrual_existingBalance_addsAccrualRate -- Time elapsed: 0.033 s <<< ERROR!
org.mockito.exceptions.misusing.InvalidUseOfMatchersException: 

Invalid use of argument matchers!
3 matchers expected, 1 recorded:
-> at com.tns.leavemgmt.leave.service.AccrualServiceTest$AccrualAddsCorrectAmount.processAccrual_existingBalance_addsAccrualRate(AccrualServiceTest.java:117)

This exception may occur if matchers are combined with raw values:
    //incorrect:
    someMethod(any(), "raw String");
When using matchers, all arguments have to be provided by matchers.
For example:
    //correct:
    someMethod(any(), eq("String by matcher"));

For more info see javadoc for Matchers class.

	at com.tns.leavemgmt.leave.service.AccrualServiceTest$AccrualAddsCorrectAmount.processAccrual_existingBalance_addsAccrualRate(AccrualServiceTest.java:116)
	at java.base/java.lang.reflect.Method.invoke(Method.java:580)
	at java.base/java.util.ArrayList.forEach(ArrayList.java:1596)
	at java.base/java.util.ArrayList.forEach(ArrayList.java:1596)
	at java.base/java.util.ArrayList.forEach(ArrayList.java:1596)

com.tns.leavemgmt.leave.service.AccrualServiceTest$AccrualAddsCorrectAmount.processAccrual_nonEmployeeUser_isSkipped -- Time elapsed: 0.015 s <<< ERROR!
org.mockito.exceptions.misusing.UnnecessaryStubbingException: 

Unnecessary stubbings detected.
Clean & maintainable test code requires zero unnecessary code.
Following stubbings are unnecessary (click to navigate to relevant line of code):
  1. -> at com.tns.leavemgmt.leave.service.AccrualServiceTest.setUp(AccrualServiceTest.java:89)
  2. -> at com.tns.leavemgmt.leave.service.AccrualServiceTest.setUp(AccrualServiceTest.java:91)
  3. -> at com.tns.leavemgmt.leave.service.AccrualServiceTest.setUp(AccrualServiceTest.java:93)
Please remove unnecessary stubbings or use 'lenient' strictness. More info: javadoc for UnnecessaryStubbingException class.
	at org.mockito.junit.jupiter.MockitoExtension.afterEach(MockitoExtension.java:197)
	at java.base/java.util.ArrayList.forEach(ArrayList.java:1596)
	at java.base/java.util.ArrayList.forEach(ArrayList.java:1596)
	at java.base/java.util.ArrayList.forEach(ArrayList.java:1596)

com.tns.leavemgmt.leave.service.AccrualServiceTest$AccrualAddsCorrectAmount.processAccrual_inactiveUser_isSkipped -- Time elapsed: 0.010 s <<< ERROR!
org.mockito.exceptions.misusing.UnnecessaryStubbingException: 

Unnecessary stubbings detected.
Clean & maintainable test code requires zero unnecessary code.
Following stubbings are unnecessary (click to navigate to relevant line of code):
  1. -> at com.tns.leavemgmt.leave.service.AccrualServiceTest.setUp(AccrualServiceTest.java:89)
  2. -> at com.tns.leavemgmt.leave.service.AccrualServiceTest.setUp(AccrualServiceTest.java:91)
  3. -> at com.tns.leavemgmt.leave.service.AccrualServiceTest.setUp(AccrualServiceTest.java:93)
Please remove unnecessary stubbings or use 'lenient' strictness. More info: javadoc for UnnecessaryStubbingException class.
	at org.mockito.junit.jupiter.MockitoExtension.afterEach(MockitoExtension.java:197)
	at java.base/java.util.ArrayList.forEach(ArrayList.java:1596)
	at java.base/java.util.ArrayList.forEach(ArrayList.java:1596)
	at java.base/java.util.ArrayList.forEach(ArrayList.java:1596)

com.tns.leavemgmt.leave.service.AccrualServiceTest$AccrualAddsCorrectAmount.processAccrual_noActivePolicy_skipsLeaveType -- Time elapsed: 0.013 s <<< ERROR!
org.mockito.exceptions.misusing.UnnecessaryStubbingException: 

Unnecessary stubbings detected.
Clean & maintainable test code requires zero unnecessary code.
Following stubbings are unnecessary (click to navigate to relevant line of code):
  1. -> at com.tns.leavemgmt.leave.service.AccrualServiceTest.setUp(AccrualServiceTest.java:89)
  2. -> at com.tns.leavemgmt.leave.service.AccrualServiceTest.setUp(AccrualServiceTest.java:91)
  3. -> at com.tns.leavemgmt.leave.service.AccrualServiceTest.setUp(AccrualServiceTest.java:93)
Please remove unnecessary stubbings or use 'lenient' strictness. More info: javadoc for UnnecessaryStubbingException class.
	at org.mockito.junit.jupiter.MockitoExtension.afterEach(MockitoExtension.java:197)
	at java.base/java.util.ArrayList.forEach(ArrayList.java:1596)
	at java.base/java.util.ArrayList.forEach(ArrayList.java:1596)
	at java.base/java.util.ArrayList.forEach(ArrayList.java:1596)

