-------------------------------------------------------------------------------
Test set: com.tns.leavemgmt.leave.service.AccrualServiceTest$AccrualTransactionRecorded
-------------------------------------------------------------------------------
Tests run: 4, Failures: 0, Errors: 1, Skipped: 0, Time elapsed: 2.488 s <<< FAILURE! -- in com.tns.leavemgmt.leave.service.AccrualServiceTest$AccrualTransactionRecorded
com.tns.leavemgmt.leave.service.AccrualServiceTest$AccrualTransactionRecorded.processAccrual_noPolicy_noTransactionSaved -- Time elapsed: 0.043 s <<< ERROR!
org.mockito.exceptions.misusing.UnnecessaryStubbingException: 

Unnecessary stubbings detected.
Clean & maintainable test code requires zero unnecessary code.
Following stubbings are unnecessary (click to navigate to relevant line of code):
  1. -> at com.tns.leavemgmt.leave.service.AccrualServiceTest.setUp(AccrualServiceTest.java:89)
  2. -> at com.tns.leavemgmt.leave.service.AccrualServiceTest.setUp(AccrualServiceTest.java:91)
  3. -> at com.tns.leavemgmt.leave.service.AccrualServiceTest.setUp(AccrualServiceTest.java:93)
Please remove unnecessary stubbings or use 'lenient' strictness. More info: javadoc for UnnecessaryStubbingException class.
	at org.mockito.junit.jupiter.MockitoExtension.afterEach(MockitoExtension.java:197)
	at java.base/java.util.ArrayList.forEach(ArrayList.java:1596)
	at java.base/java.util.ArrayList.forEach(ArrayList.java:1596)
	at java.base/java.util.ArrayList.forEach(ArrayList.java:1596)

