-------------------------------------------------------------------------------
Test set: com.tns.leavemgmt.leave.service.WorkingDayCalculatorTest$CombinedExclusion
-------------------------------------------------------------------------------
Tests run: 4, Failures: 0, Errors: 3, Skipped: 0, Time elapsed: 0.036 s <<< FAILURE! -- in com.tns.leavemgmt.leave.service.WorkingDayCalculatorTest$CombinedExclusion
com.tns.leavemgmt.leave.service.WorkingDayCalculatorTest$CombinedExclusion.nullEndDate_throwsIllegalArgumentException -- Time elapsed: 0.011 s <<< ERROR!
org.mockito.exceptions.misusing.UnnecessaryStubbingException: 

Unnecessary stubbings detected.
Clean & maintainable test code requires zero unnecessary code.
Following stubbings are unnecessary (click to navigate to relevant line of code):
  1. -> at com.tns.leavemgmt.leave.service.WorkingDayCalculatorTest.setUp(WorkingDayCalculatorTest.java:40)
Please remove unnecessary stubbings or use 'lenient' strictness. More info: javadoc for UnnecessaryStubbingException class.
	at org.mockito.junit.jupiter.MockitoExtension.afterEach(MockitoExtension.java:197)
	at java.base/java.util.ArrayList.forEach(ArrayList.java:1596)
	at java.base/java.util.ArrayList.forEach(ArrayList.java:1596)
	at java.base/java.util.ArrayList.forEach(ArrayList.java:1596)

com.tns.leavemgmt.leave.service.WorkingDayCalculatorTest$CombinedExclusion.nullStartDate_throwsIllegalArgumentException -- Time elapsed: 0.004 s <<< ERROR!
org.mockito.exceptions.misusing.UnnecessaryStubbingException: 

Unnecessary stubbings detected.
Clean & maintainable test code requires zero unnecessary code.
Following stubbings are unnecessary (click to navigate to relevant line of code):
  1. -> at com.tns.leavemgmt.leave.service.WorkingDayCalculatorTest.setUp(WorkingDayCalculatorTest.java:40)
Please remove unnecessary stubbings or use 'lenient' strictness. More info: javadoc for UnnecessaryStubbingException class.
	at org.mockito.junit.jupiter.MockitoExtension.afterEach(MockitoExtension.java:197)
	at java.base/java.util.ArrayList.forEach(ArrayList.java:1596)
	at java.base/java.util.ArrayList.forEach(ArrayList.java:1596)
	at java.base/java.util.ArrayList.forEach(ArrayList.java:1596)

com.tns.leavemgmt.leave.service.WorkingDayCalculatorTest$CombinedExclusion.startAfterEnd_returnsZero -- Time elapsed: 0.004 s <<< ERROR!
org.mockito.exceptions.misusing.UnnecessaryStubbingException: 

Unnecessary stubbings detected.
Clean & maintainable test code requires zero unnecessary code.
Following stubbings are unnecessary (click to navigate to relevant line of code):
  1. -> at com.tns.leavemgmt.leave.service.WorkingDayCalculatorTest.setUp(WorkingDayCalculatorTest.java:40)
Please remove unnecessary stubbings or use 'lenient' strictness. More info: javadoc for UnnecessaryStubbingException class.
	at org.mockito.junit.jupiter.MockitoExtension.afterEach(MockitoExtension.java:197)
	at java.base/java.util.ArrayList.forEach(ArrayList.java:1596)
	at java.base/java.util.ArrayList.forEach(ArrayList.java:1596)
	at java.base/java.util.ArrayList.forEach(ArrayList.java:1596)

